<?xml version="1.0" encoding="UTF-8"?>
<!-- Generated by org.testng.reporters.JUnitReportReporter -->
<testsuite hostname="ANJALI" failures="0" tests="12" name="TestRunner" time="47.953" errors="0" timestamp="2024-02-13T22:12:05 IST" skipped="0">
  <testcase classname="TestRunner" name="runScenario" time="2.594"/>
  <testcase classname="TestRunner" name="runScenario" time="11.137"/>
  <testcase classname="TestRunner" name="runScenario" time="2.681"/>
  <testcase classname="TestRunner" name="runScenario" time="3.248"/>
  <testcase classname="TestRunner" name="runScenario" time="2.836"/>
  <testcase classname="TestRunner" name="runScenario" time="4.078"/>
  <testcase classname="TestRunner" name="runScenario" time="3.157"/>
  <testcase classname="TestRunner" name="runScenario" time="2.896"/>
  <testcase classname="TestRunner" name="runScenario" time="2.684"/>
  <testcase classname="TestRunner" name="runScenario" time="5.947"/>
  <testcase classname="TestRunner" name="runScenario" time="4.010"/>
  <testcase classname="TestRunner" name="runScenario" time="2.685"/>
</testsuite> <!-- TestRunner -->
